18-11-15 19:23-INFO--已经绑定过设备,请在原设备运行脚本
18-11-15 19:23-INFO--第一次运行
18-11-15 19:23-INFO--可运行线程数:100
18-11-15 19:24-INFO--进入账号注册+发朋友圈模式
18-11-15 19:24-INFO-127.0.0.1:62001-暂时无可用号码,可尝试释放号码！101
18-11-15 19:24-INFO-127.0.0.1:62001-暂时无可用号码,可尝试释放号码！101
18-11-15 19:24-INFO-127.0.0.1:62001-暂时无可用号码,可尝试释放号码！101
18-11-15 19:24-INFO-127.0.0.1:62001-暂时无可用号码,可尝试释放号码！101
18-11-15 19:24-INFO--已经绑定该设备
18-11-15 19:24-INFO--可运行线程数:100
18-11-15 19:25-INFO--进入账号注册+发朋友圈模式
18-11-15 19:25-INFO-127.0.0.1:62001-获取到手机号码:17746354538
18-11-15 19:26-INFO--已经绑定该设备
18-11-15 19:26-INFO--可运行线程数:100
18-11-15 19:27-INFO--进入账号注册+发朋友圈模式
18-11-15 19:27-INFO-127.0.0.1:62001-获取到手机号码:13353710972
18-11-15 19:28-INFO-127.0.0.1:62001-账号注册失败
18-11-15 19:30-INFO--已经绑定该设备
18-11-15 19:30-INFO--可运行线程数:100
18-11-15 19:31-INFO--进入账号注册+发朋友圈模式
18-11-15 19:31-INFO-127.0.0.1:62001-获取到手机号码:13353964424
18-11-15 19:32-INFO-127.0.0.1:62001-IMEI:356845057678631
18-11-15 19:32-INFO-127.0.0.1:62001-MAC:cc:3a:61:aa:68:6d
18-11-15 19:32-INFO-127.0.0.1:62001-BRAND:samsung
18-11-15 19:55-INFO--已经绑定该设备
18-11-15 19:55-INFO--可运行线程数:100
18-11-15 19:55-INFO--进入账号注册+发朋友圈模式
18-11-15 19:55-INFO-127.0.0.1:62001-获取到手机号码:17335568009
18-11-15 19:56-INFO-Could not connect to port 4732 on host localhost
18-11-15 19:56-INFO-Could not get IP address for host: localhost
18-11-15 19:56-INFO-127.0.0.1:62001-账号注册失败
18-11-15 19:56-INFO-127.0.0.1:62001-获取到手机号码:17337649892
18-11-15 19:56-INFO-127.0.0.1:62001-IMEI:867306022602927
18-11-15 19:56-INFO-127.0.0.1:62001-MAC:dc:ce:bc:34:7:bd
18-11-15 19:56-INFO-127.0.0.1:62001-BRAND:innos
18-11-18 13:18-INFO--已经绑定过设备,请在原设备运行脚本
18-11-18 13:19-INFO--第一次运行
18-11-18 13:19-INFO--可运行线程数:100
18-11-18 13:19-INFO--进入账号注册+发朋友圈模式
18-11-18 13:19-INFO-53476787-获取到手机号码:13373929061
18-11-18 13:19-INFO-Could not connect to port 4732 on host localhost
18-11-18 13:19-INFO-Could not get IP address for host: localhost
18-11-18 13:19-WARNING-Retrying (Retry(total=2, connect=None, read=None, redirect=None, status=None)) after connection broken by 'NewConnectionError('<urllib3.connection.HTTPConnection object at 0x000000000403BA20>: Failed to establish a new connection: [Errno 10061] ',)': /wd/hub/session
18-11-18 13:19-INFO-Redirecting http://localhost:4732/wd/hub/session -> http://localhost:4732/wd/hub/session/00f3ec9e-e294-4ba0-973a-39140a099b2a
18-11-18 13:19-INFO-53476787-账号注册失败
18-11-18 13:19-INFO-53476787-获取到手机号码:17772879183
18-11-18 13:20-INFO--已经绑定该设备
18-11-18 13:20-INFO--可运行线程数:100
18-11-18 13:21-INFO--进入账号注册+发朋友圈模式
18-11-18 13:21-INFO-53476787-发现异常,重新注册
18-11-18 13:21-INFO-53476787-发现异常,重新注册
18-11-18 13:21-INFO-53476787-发现异常,重新注册
18-11-18 13:21-INFO-53476787-发现异常,重新注册
18-11-18 13:21-INFO-53476787-发现异常,重新注册
18-11-18 13:21-INFO-53476787-发现异常,重新注册
18-11-18 13:21-INFO-53476787-获取到手机号码:17739647054
18-11-18 13:21-INFO-Redirecting http://127.0.0.1:4732/wd/hub/session -> http://127.0.0.1:4732/wd/hub/session/ec685953-1c2d-4dfb-a3eb-7075c718b69d
18-11-18 13:22-INFO-53476787-IMEI:354578071470816
18-11-18 13:22-INFO-53476787-MAC:f8:32:e4:59:61:4a
18-11-18 13:22-INFO-53476787-BRAND:asus
18-11-18 13:22-INFO-53476787-点击注册
18-11-18 13:22-INFO-53476787-输入昵称
18-11-18 13:22-INFO-53476787-清空手机号码
18-11-18 13:23-INFO-53476787-输入手机号码:17739647054
18-11-18 13:24-INFO--已经绑定该设备
18-11-18 13:24-INFO--可运行线程数:100
18-11-18 13:24-INFO--进入账号注册+发朋友圈模式
18-11-18 13:24-INFO-53476787-发现异常,重新注册
18-11-18 13:24-INFO-53476787-发现异常,重新注册
18-11-18 13:24-INFO-53476787-发现异常,重新注册
18-11-18 13:24-INFO-53476787-发现异常,重新注册
18-11-18 13:24-INFO-53476787-发现异常,重新注册
18-11-18 13:24-INFO-53476787-发现异常,重新注册
18-11-18 13:25-INFO-53476787-发现异常,重新注册
18-11-18 13:25-INFO-53476787-发现异常,重新注册
18-11-18 13:25-INFO-53476787-发现异常,重新注册
18-11-18 13:25-INFO-53476787-发现异常,重新注册
18-11-18 13:25-INFO-53476787-发现异常,重新注册
18-11-18 13:25-INFO-53476787-发现异常,重新注册
18-11-18 13:25-INFO-53476787-发现异常,重新注册
18-11-18 13:25-INFO--已经绑定该设备
18-11-18 13:25-INFO--可运行线程数:100
18-11-18 13:26-INFO--已经绑定该设备
18-11-18 13:26-INFO--可运行线程数:100
18-11-18 13:26-INFO--进入发文字朋友圈模式
18-11-18 13:26-INFO-53476787设备找到1个数据
18-11-18 13:26-INFO-53476787-发现异常
18-11-18 13:27-INFO--已经绑定该设备
18-11-18 13:27-INFO--可运行线程数:100
18-11-18 13:27-INFO--进入账号注册+发朋友圈模式
18-11-18 13:27-INFO-53476787-发现异常,重新注册
18-11-18 13:27-INFO-53476787-发现异常,重新注册
18-11-18 13:27-INFO-53476787-发现异常,重新注册
18-11-18 13:27-INFO-53476787-发现异常,重新注册
18-11-18 13:27-INFO-53476787-发现异常,重新注册
18-11-18 13:27-INFO-53476787-发现异常,重新注册
18-11-18 13:28-INFO-53476787-获取到手机号码:17737220370
18-11-18 13:28-INFO-Redirecting http://127.0.0.1:4732/wd/hub/session -> http://127.0.0.1:4732/wd/hub/session/50571e15-9442-44ae-b54e-574c14d22990
18-11-18 13:28-INFO-53476787-IMEI:990005678466328
18-11-18 13:28-INFO-53476787-MAC:18:59:36:6e:e3:74
18-11-18 13:28-INFO-53476787-BRAND:Xiaomi
18-11-18 13:28-INFO-53476787-点击注册
18-11-18 13:28-INFO-53476787-输入昵称
18-11-18 13:29-INFO-53476787-清空手机号码
18-11-18 13:29-INFO-53476787-输入手机号码:17737220370
18-11-18 13:29-INFO-53476787-输入密码:b8d3jh9a
18-11-18 13:29-INFO-53476787-点击注册
18-11-18 13:30-INFO--已经绑定该设备
18-11-18 13:30-INFO--可运行线程数:100
18-11-18 13:30-INFO--进入账号注册+发朋友圈模式
18-11-18 13:30-INFO-53476787-获取不到手机号码
18-11-18 13:31-INFO-53476787-获取不到手机号码
18-11-18 13:52-INFO--已经绑定该设备
18-11-18 13:52-INFO--可运行线程数:100
18-11-18 13:52-INFO--进入账号注册+发朋友圈模式
18-11-18 13:52-INFO-53476787-发现异常,重新注册
18-11-18 13:52-INFO-53476787-发现异常,重新注册
18-11-18 13:52-INFO-53476787-发现异常,重新注册
18-11-18 13:53-INFO--已经绑定该设备
18-11-18 13:53-INFO--可运行线程数:100
18-11-18 13:53-INFO--进入账号注册+发朋友圈模式
18-11-18 13:53-INFO-53476787-获取不到手机号码
18-11-18 13:54-INFO-1
18-11-18 13:54-INFO-1
18-11-18 13:54-INFO-1
18-11-18 13:54-INFO-1
18-11-18 13:54-INFO-1
18-11-18 13:54-INFO-1
18-11-18 13:54-INFO-1
18-11-18 13:54-INFO-1
18-11-18 13:54-INFO-1
18-11-18 13:54-INFO-1
18-11-18 13:54-INFO-1
18-11-18 13:54-INFO-1
18-11-18 13:54-INFO-1
18-11-18 13:54-INFO-1
18-11-18 13:54-INFO-1
18-11-18 13:54-INFO-1
18-11-18 13:54-INFO-1
18-11-18 13:54-INFO-1
18-11-18 13:54-INFO-1
18-11-18 13:54-INFO-1
18-11-18 13:54-INFO-1
18-11-18 13:54-INFO-1
18-11-18 13:54-INFO-1
18-11-18 13:54-INFO-1
18-11-18 13:54-INFO-1
18-11-18 13:54-INFO-1
18-11-18 13:54-INFO-1
18-11-18 13:54-INFO-1
18-11-18 13:54-INFO-1
18-11-18 13:54-INFO-1
18-11-18 13:54-INFO-1
18-11-18 13:54-INFO-1
18-11-18 13:54-INFO-1
18-11-18 13:54-INFO-1
18-11-18 13:54-INFO-1
18-11-18 13:54-INFO-1
18-11-18 13:54-INFO-1
18-11-18 13:54-INFO-1
18-11-18 13:54-INFO-1
18-11-18 13:54-INFO-1
18-11-18 13:54-INFO-1
18-11-18 13:54-INFO-1
18-11-18 13:54-INFO-1
18-11-18 13:54-INFO-1
18-11-18 13:54-INFO-1
18-11-18 13:54-INFO-1
18-11-18 13:54-INFO-1
18-11-18 13:54-INFO-1
18-11-18 13:54-INFO-1
18-11-18 13:54-INFO-1
18-11-18 13:54-INFO-1
18-11-18 13:54-INFO-1
18-11-18 13:54-INFO-1
18-11-18 13:54-INFO-1
18-11-18 13:54-INFO-1
18-11-18 13:54-INFO-1
18-11-18 13:54-INFO-1
18-11-18 13:54-INFO-1
18-11-18 13:54-INFO-1
18-11-18 13:54-INFO-1
18-11-18 13:54-INFO-1
18-11-18 13:54-INFO-1
18-11-18 13:54-INFO-1
18-11-18 13:54-INFO-1
18-11-18 13:54-INFO-1
18-11-18 13:54-INFO-1
18-11-18 13:54-INFO-1
18-11-18 13:54-INFO-1
18-11-18 13:54-INFO-1
18-11-18 13:54-INFO-1
18-11-18 13:54-INFO-1
18-11-18 13:54-INFO-1
18-11-18 13:55-INFO-1
18-11-18 13:55-INFO-1
18-11-18 13:55-INFO-1
18-11-18 13:55-INFO-1
18-11-18 13:55-INFO-1
18-11-18 13:55-INFO-1
18-11-18 13:55-INFO-1
18-11-18 13:55-INFO-1
18-11-18 13:55-INFO-1
18-11-18 13:55-INFO-1
18-11-18 13:55-INFO-1
18-11-18 13:55-INFO-1
18-11-18 13:55-INFO-1
18-11-18 13:55-INFO-1
18-11-18 13:55-INFO-1
18-11-18 13:55-INFO-1
18-11-18 13:55-INFO-1
18-11-18 13:55-INFO-1
18-11-18 13:55-INFO-1
18-11-18 13:55-INFO-1
18-11-18 13:55-INFO-1
18-11-18 13:55-INFO-1
18-11-18 13:55-INFO-1
18-11-18 13:55-INFO-1
18-11-18 13:55-INFO-1
18-11-18 13:55-INFO-1
18-11-18 13:55-INFO-1
18-11-18 13:55-INFO-1
18-11-18 13:55-INFO-1
18-11-18 13:55-INFO-1
18-11-18 13:55-INFO-1
18-11-18 13:55-INFO-1
18-11-18 13:55-INFO-1
18-11-18 13:55-INFO-1
18-11-18 13:55-INFO-1
18-11-18 13:55-INFO-1
18-11-18 13:55-INFO-1
18-11-18 13:55-INFO-1
18-11-18 13:55-INFO-1
18-11-18 13:55-INFO-1
18-11-18 13:55-INFO-1
18-11-18 13:55-INFO-1
18-11-18 13:55-INFO-1
18-11-18 13:55-INFO-1
18-11-18 13:55-INFO-1
18-11-18 13:55-INFO-1
18-11-18 13:55-INFO-1
18-11-18 13:55-INFO-1
18-11-18 13:55-INFO-1
18-11-18 13:55-INFO-1
18-11-18 13:55-INFO-1
18-11-18 13:55-INFO-1
18-11-18 13:55-INFO-1
18-11-18 13:55-INFO-1
18-11-18 13:55-INFO-1
18-11-18 13:55-INFO-1
18-11-18 13:55-INFO-1
18-11-18 13:55-INFO-1
18-11-18 13:55-INFO-1
18-11-18 13:55-INFO-1
18-11-18 13:55-INFO-1
18-11-18 13:55-INFO-1
18-11-18 13:55-INFO-1
18-11-18 13:55-INFO-1
18-11-18 13:55-INFO-1
18-11-18 13:55-INFO-1
18-11-18 13:55-INFO-1
18-11-18 13:55-INFO-1
18-11-18 13:55-INFO-1
18-11-18 13:55-INFO-1
18-11-18 13:55-INFO-1
18-11-18 13:55-INFO-1
18-11-18 13:55-INFO-1
18-11-18 13:55-INFO-1
18-11-18 13:55-INFO-1
18-11-18 13:57-INFO--已经绑定该设备
18-11-18 13:57-INFO--可运行线程数:100
18-11-18 13:57-INFO--已经绑定该设备
18-11-18 13:57-INFO--可运行线程数:100
18-11-18 13:57-INFO--进入账号注册+发朋友圈模式
18-11-18 13:57-INFO-53476787未检测到手机连接
18-11-18 13:57-INFO-53476787未检测到手机连接
18-11-18 13:57-INFO-53476787未检测到手机连接
18-11-18 13:57-INFO-53476787未检测到手机连接
18-11-18 13:57-INFO-53476787未检测到手机连接
18-11-18 13:57-INFO-53476787未检测到手机连接
18-11-18 13:57-INFO-53476787未检测到手机连接
18-11-18 13:57-INFO-53476787未检测到手机连接
18-11-18 13:57-INFO-53476787未检测到手机连接
18-11-18 13:57-INFO-53476787未检测到手机连接
18-11-18 13:57-INFO-53476787未检测到手机连接
18-11-18 13:57-INFO-53476787未检测到手机连接
18-11-18 13:57-INFO-53476787未检测到手机连接
18-11-18 13:57-INFO-53476787未检测到手机连接
18-11-18 13:57-INFO-53476787未检测到手机连接
18-11-18 13:57-INFO-53476787未检测到手机连接
18-11-18 13:57-INFO-53476787未检测到手机连接
18-11-18 13:57-INFO-53476787未检测到手机连接
18-11-18 13:57-INFO-53476787未检测到手机连接
18-11-18 13:57-INFO-53476787未检测到手机连接
18-11-18 13:57-INFO-53476787未检测到手机连接
18-11-18 13:57-INFO-53476787未检测到手机连接
18-11-18 13:57-INFO-53476787未检测到手机连接
18-11-18 13:57-INFO-53476787未检测到手机连接
18-11-18 13:57-INFO-53476787未检测到手机连接
18-11-18 13:57-INFO-53476787未检测到手机连接
18-11-18 13:57-INFO-53476787未检测到手机连接
18-11-18 13:57-INFO-53476787未检测到手机连接
18-11-18 13:57-INFO-53476787未检测到手机连接
18-11-18 13:57-INFO-53476787未检测到手机连接
18-11-18 13:57-INFO-53476787未检测到手机连接
18-11-18 13:57-INFO-53476787未检测到手机连接
18-11-18 13:57-INFO-53476787未检测到手机连接
18-11-18 13:57-INFO-53476787未检测到手机连接
18-11-18 13:57-INFO-53476787未检测到手机连接
18-11-18 13:57-INFO-53476787未检测到手机连接
18-11-18 13:57-INFO-53476787未检测到手机连接
18-11-18 13:57-INFO-53476787未检测到手机连接
18-11-18 13:57-INFO-53476787未检测到手机连接
18-11-18 13:57-INFO-53476787未检测到手机连接
18-11-18 13:57-INFO-53476787未检测到手机连接
18-11-18 13:57-INFO-53476787未检测到手机连接
18-11-18 13:57-INFO-53476787未检测到手机连接
18-11-18 13:57-INFO-53476787未检测到手机连接
18-11-18 13:57-INFO-53476787未检测到手机连接
18-11-18 13:57-INFO-53476787未检测到手机连接
18-11-18 13:57-INFO-53476787未检测到手机连接
18-11-18 13:57-INFO-53476787未检测到手机连接
18-11-18 13:57-INFO-53476787未检测到手机连接
18-11-18 13:57-INFO-53476787未检测到手机连接
18-11-18 13:57-INFO-53476787未检测到手机连接
18-11-18 13:57-INFO-53476787未检测到手机连接
18-11-18 13:57-INFO-53476787未检测到手机连接
18-11-18 13:57-INFO-53476787未检测到手机连接
18-11-18 13:57-INFO-53476787未检测到手机连接
18-11-18 13:57-INFO-53476787未检测到手机连接
18-11-18 13:57-INFO-53476787未检测到手机连接
18-11-18 13:57-INFO-53476787未检测到手机连接
18-11-18 13:57-INFO-53476787未检测到手机连接
18-11-18 13:57-INFO-53476787未检测到手机连接
18-11-18 13:57-INFO-53476787未检测到手机连接
18-11-18 13:57-INFO-53476787未检测到手机连接
18-11-18 13:57-INFO-53476787未检测到手机连接
18-11-18 13:57-INFO-53476787未检测到手机连接
18-11-18 13:57-INFO-53476787未检测到手机连接
18-11-18 13:57-INFO-53476787未检测到手机连接
18-11-18 13:57-INFO-53476787未检测到手机连接
18-11-18 13:57-INFO-53476787未检测到手机连接
18-11-18 13:57-INFO-53476787未检测到手机连接
18-11-18 13:57-INFO-53476787未检测到手机连接
18-11-18 13:57-INFO-53476787未检测到手机连接
18-11-18 13:57-INFO-53476787未检测到手机连接
18-11-18 13:57-INFO-53476787未检测到手机连接
18-11-18 13:57-INFO-53476787未检测到手机连接
18-11-18 13:57-INFO-53476787未检测到手机连接
18-11-18 13:57-INFO-53476787未检测到手机连接
18-11-18 13:57-INFO-53476787未检测到手机连接
18-11-18 13:57-INFO-53476787未检测到手机连接
18-11-18 13:57-INFO-53476787未检测到手机连接
18-11-18 13:57-INFO-53476787未检测到手机连接
18-11-18 13:57-INFO-53476787未检测到手机连接
18-11-18 13:57-INFO-53476787未检测到手机连接
18-11-18 13:57-INFO-53476787未检测到手机连接
18-11-18 13:57-INFO-53476787未检测到手机连接
18-11-18 13:57-INFO-53476787未检测到手机连接
18-11-18 13:57-INFO-53476787未检测到手机连接
18-11-18 13:57-INFO-53476787未检测到手机连接
18-11-18 13:57-INFO-53476787未检测到手机连接
18-11-18 13:57-INFO-53476787未检测到手机连接
18-11-18 13:57-INFO-53476787未检测到手机连接
18-11-18 13:57-INFO-53476787未检测到手机连接
18-11-18 13:57-INFO-53476787未检测到手机连接
18-11-18 13:57-INFO-53476787未检测到手机连接
18-11-18 13:57-INFO-53476787未检测到手机连接
18-11-18 13:57-INFO-53476787未检测到手机连接
18-11-18 13:57-INFO-53476787未检测到手机连接
18-11-18 13:57-INFO-53476787未检测到手机连接
18-11-18 13:57-INFO-53476787未检测到手机连接
18-11-18 13:57-INFO-53476787未检测到手机连接
18-11-18 13:57-INFO-53476787未检测到手机连接
18-11-18 13:57-INFO-53476787未检测到手机连接
18-11-18 13:57-INFO-53476787未检测到手机连接
18-11-18 13:57-INFO-53476787未检测到手机连接
18-11-18 13:57-INFO-53476787未检测到手机连接
18-11-18 13:57-INFO-53476787未检测到手机连接
18-11-18 13:57-INFO-53476787未检测到手机连接
18-11-18 13:57-INFO-53476787未检测到手机连接
18-11-18 13:57-INFO-53476787未检测到手机连接
18-11-18 13:57-INFO-53476787未检测到手机连接
18-11-18 13:57-INFO-53476787未检测到手机连接
18-11-18 13:57-INFO-53476787未检测到手机连接
18-11-18 13:57-INFO-53476787未检测到手机连接
18-11-18 13:57-INFO-53476787未检测到手机连接
18-11-18 13:57-INFO-53476787未检测到手机连接
18-11-18 13:57-INFO-53476787未检测到手机连接
18-11-18 13:57-INFO-53476787未检测到手机连接
18-11-18 13:57-INFO-53476787未检测到手机连接
18-11-18 13:57-INFO-53476787未检测到手机连接
18-11-18 13:57-INFO-53476787未检测到手机连接
18-11-18 13:57-INFO-53476787未检测到手机连接
18-11-18 13:57-INFO-53476787未检测到手机连接
18-11-18 13:57-INFO-53476787未检测到手机连接
18-11-18 13:57-INFO-53476787未检测到手机连接
18-11-18 13:57-INFO-53476787未检测到手机连接
18-11-18 13:57-INFO-53476787未检测到手机连接
18-11-18 13:57-INFO-53476787未检测到手机连接
18-11-18 13:57-INFO-53476787未检测到手机连接
18-11-18 13:57-INFO-53476787未检测到手机连接
18-11-18 13:57-INFO-53476787未检测到手机连接
18-11-18 13:57-INFO-53476787未检测到手机连接
18-11-18 13:57-INFO-53476787未检测到手机连接
18-11-18 13:57-INFO-53476787未检测到手机连接
18-11-18 13:57-INFO-53476787未检测到手机连接
18-11-18 13:57-INFO-53476787未检测到手机连接
18-11-18 13:57-INFO-53476787未检测到手机连接
18-11-18 13:57-INFO-53476787未检测到手机连接
18-11-18 13:57-INFO-53476787未检测到手机连接
18-11-18 13:57-INFO-53476787未检测到手机连接
18-11-18 13:57-INFO-53476787未检测到手机连接
18-11-18 13:57-INFO-53476787未检测到手机连接
18-11-18 13:57-INFO-53476787未检测到手机连接
18-11-18 13:57-INFO-53476787未检测到手机连接
18-11-18 13:57-INFO-53476787未检测到手机连接
18-11-18 13:57-INFO-53476787未检测到手机连接
18-11-18 13:57-INFO-53476787未检测到手机连接
18-11-18 13:57-INFO-53476787未检测到手机连接
18-11-18 13:57-INFO-53476787未检测到手机连接
18-11-18 13:57-INFO-53476787未检测到手机连接
18-11-18 13:57-INFO-53476787未检测到手机连接
18-11-18 13:57-INFO-53476787未检测到手机连接
18-11-18 13:57-INFO-53476787未检测到手机连接
18-11-18 13:57-INFO-53476787未检测到手机连接
18-11-18 13:57-INFO-53476787未检测到手机连接
18-11-18 13:57-INFO-53476787未检测到手机连接
18-11-18 13:57-INFO-53476787未检测到手机连接
18-11-18 13:57-INFO-53476787未检测到手机连接
18-11-18 13:57-INFO-53476787未检测到手机连接
18-11-18 13:57-INFO-53476787未检测到手机连接
18-11-18 13:57-INFO-53476787未检测到手机连接
18-11-18 13:57-INFO-53476787未检测到手机连接
18-11-18 13:57-INFO-53476787未检测到手机连接
18-11-18 13:57-INFO-53476787未检测到手机连接
18-11-18 13:57-INFO-53476787未检测到手机连接
18-11-18 13:57-INFO-53476787未检测到手机连接
18-11-18 13:57-INFO-53476787未检测到手机连接
18-11-18 13:57-INFO-53476787未检测到手机连接
18-11-18 13:57-INFO-53476787未检测到手机连接
18-11-18 13:57-INFO-53476787未检测到手机连接
18-11-18 13:57-INFO-53476787未检测到手机连接
18-11-18 13:57-INFO-53476787未检测到手机连接
18-11-18 13:57-INFO-53476787未检测到手机连接
18-11-18 13:57-INFO-53476787未检测到手机连接
18-11-18 13:57-INFO-53476787未检测到手机连接
18-11-18 13:57-INFO-53476787未检测到手机连接
18-11-18 13:57-INFO-53476787未检测到手机连接
18-11-18 13:58-INFO--已经绑定该设备
18-11-18 13:58-INFO--可运行线程数:100
18-11-18 13:59-INFO--进入账号注册+发朋友圈模式
18-11-18 13:59-INFO-53476787未检测到手机连接
18-11-18 13:59-INFO-53476787未检测到手机连接
18-11-18 13:59-INFO-53476787未检测到手机连接
18-11-18 13:59-INFO-53476787未检测到手机连接
18-11-18 13:59-INFO--已经绑定该设备
18-11-18 13:59-INFO--可运行线程数:100
18-11-18 14:00-INFO--进入账号注册+发朋友圈模式
18-11-18 14:00-INFO-53476787未检测到手机连接
18-11-18 14:00-INFO-53476787未检测到手机连接
18-11-18 14:00-INFO-53476787-获取到手机号码:13383873742
18-11-18 14:00-INFO-Redirecting http://127.0.0.1:4732/wd/hub/session -> http://127.0.0.1:4732/wd/hub/session/d904804f-3a97-4c82-874c-a13a666aaf2b
18-11-18 14:00-INFO-53476787-IMEI:356517051616491
18-11-18 14:00-INFO-53476787-MAC:f0:72:8c:d1:d4:32
18-11-18 14:00-INFO-53476787-BRAND:samsung
18-11-18 14:01-INFO-53476787-点击注册
18-11-18 14:02-INFO--已经绑定该设备
18-11-18 14:02-INFO--可运行线程数:100
18-11-18 14:02-INFO--进入账号注册+发朋友圈模式
18-11-18 14:02-INFO-53476787-获取到手机号码:18037985293
18-11-18 14:03-INFO-Redirecting http://127.0.0.1:4732/wd/hub/session -> http://127.0.0.1:4732/wd/hub/session/41fea3bc-c3b1-4a39-a19d-d8fe6fa0854d
18-11-18 14:03-INFO-53476787-IMEI:863170026900982
18-11-18 14:03-INFO-53476787-MAC:18:dc:56:23:cd:36
18-11-18 14:03-INFO-53476787-BRAND:Coolpad
18-11-18 14:03-INFO-53476787-点击注册
18-11-18 14:03-INFO-53476787-输入昵称
18-11-18 14:03-INFO-53476787-清空手机号码
18-11-18 14:03-INFO-53476787-输入手机号码:18037985293
18-11-18 14:04-INFO-53476787-输入密码:09xw8f2a
18-11-18 14:04-INFO-53476787-点击注册
18-11-18 14:04-INFO-53476787-同意协议
18-11-18 14:04-INFO-53476787同意协议未出现下一步,重新注册
18-11-18 14:04-INFO-53476787-账号注册失败
18-11-18 14:04-INFO-53476787-获取到手机号码:17729751841
18-11-18 14:05-INFO-Redirecting http://127.0.0.1:4732/wd/hub/session -> http://127.0.0.1:4732/wd/hub/session/c1165550-84da-421b-825e-2bea3c269d0c
18-11-18 14:06-INFO--已经绑定该设备
18-11-18 14:06-INFO--可运行线程数:100
18-11-18 14:06-INFO--进入账号注册+发朋友圈模式
18-11-18 14:06-INFO-53476787-获取到手机号码:17719951629
18-11-18 14:06-INFO-Redirecting http://127.0.0.1:4732/wd/hub/session -> http://127.0.0.1:4732/wd/hub/session/f5047311-6ccb-4e44-b6ee-6250efa34a3b
18-11-18 14:06-INFO-53476787-IMEI:356517054434264
18-11-18 14:06-INFO-53476787-MAC:f0:72:8c:9:d8:43
18-11-18 14:06-INFO-53476787-BRAND:samsung
18-11-18 14:07-INFO-53476787-点击注册
18-11-18 14:07-INFO-53476787-输入昵称
18-11-18 14:07-INFO-53476787-清空手机号码
18-11-18 14:07-INFO-53476787-输入手机号码:17719951629
18-11-18 14:07-INFO-53476787-输入密码:45d8915a
18-11-18 14:07-INFO-53476787未检测到手机连接
18-11-18 14:10-INFO--已经绑定该设备
18-11-18 14:10-INFO--可运行线程数:100
18-11-18 14:10-INFO--进入账号注册+发朋友圈模式
18-11-18 14:10-INFO-53476787-获取不到手机号码
18-11-18 14:10-INFO-53476787-获取不到手机号码
18-11-18 14:10-INFO-53476787-获取不到手机号码
18-11-18 14:12-INFO--已经绑定该设备
18-11-18 14:12-INFO--可运行线程数:100
18-11-18 14:13-INFO--进入账号注册+发朋友圈模式
18-11-18 14:13-INFO-53476787-获取不到手机号码
18-11-18 14:14-INFO--已经绑定该设备
18-11-18 14:14-INFO--可运行线程数:100
18-11-18 14:14-INFO--进入账号注册+发朋友圈模式
18-11-18 14:14-INFO-53476787-获取不到手机号码
18-11-18 14:15-INFO-53476787-获取不到手机号码
18-11-18 14:15-INFO-53476787-获取到手机号码:17739175593
18-11-18 14:15-INFO-Redirecting http://127.0.0.1:4732/wd/hub/session -> http://127.0.0.1:4732/wd/hub/session/e81102a6-74dd-40e3-8496-8498a8e9daeb
18-11-18 14:15-INFO-53476787-IMEI:863170021550287
18-11-18 14:15-INFO-53476787-MAC:18:dc:56:62:49:9e
18-11-18 14:15-INFO-53476787-BRAND:Coolpad
18-11-18 14:16-INFO-53476787-点击注册
18-11-18 14:16-INFO-53476787-输入昵称
18-11-18 14:16-INFO-53476787-清空手机号码
18-11-18 14:16-INFO-53476787-输入手机号码:17739175593
18-11-18 14:16-INFO-53476787-输入密码:epcupm9a
18-11-18 14:16-INFO-53476787-点击注册
18-11-18 14:16-INFO-53476787-同意协议
18-11-18 14:17-INFO-53476787-同意协议
18-11-18 14:19-INFO--已经绑定该设备
18-11-18 14:19-INFO--可运行线程数:100
18-11-18 14:19-INFO--进入账号注册+发朋友圈模式
18-11-18 14:20-INFO-53476787-获取到手机号码:18039946750
18-11-18 14:20-INFO-Redirecting http://127.0.0.1:4732/wd/hub/session -> http://127.0.0.1:4732/wd/hub/session/53e08caf-eb4f-4693-bf19-2722cf4e910d
18-11-18 14:20-INFO-53476787-IMEI:862255035776928
18-11-18 14:20-INFO-53476787-MAC:a4:44:d1:e9:e4:2
18-11-18 14:20-INFO-53476787-BRAND:Meizu
18-11-18 14:20-INFO-53476787-点击注册
18-11-18 14:20-INFO-53476787-输入昵称
18-11-18 14:20-INFO-53476787-清空手机号码
18-11-18 14:21-INFO-53476787-输入手机号码:18039946750
18-11-18 14:21-INFO-53476787-输入密码:rss8we9a
18-11-18 14:21-INFO-53476787-点击注册
18-11-18 14:21-INFO-53476787-同意协议
18-11-18 14:21-INFO-53476787-同意协议
18-11-18 14:23-INFO--已经绑定该设备
18-11-18 14:23-INFO--可运行线程数:100
18-11-18 14:24-INFO--进入账号注册+发朋友圈模式
18-11-18 14:24-INFO-53476787-获取到手机号码:17337219879
18-11-18 14:24-INFO-Redirecting http://127.0.0.1:4732/wd/hub/session -> http://127.0.0.1:4732/wd/hub/session/95d4893e-f970-43ef-95b3-f865addbcc05
18-11-18 14:25-INFO-53476787-IMEI:862872022372600
18-11-18 14:25-INFO-53476787-MAC:c8:dd:c9:74:24:a6
18-11-18 14:25-INFO-53476787-BRAND:Lenovo
18-11-18 14:25-INFO-53476787-点击注册
18-11-18 14:25-INFO-53476787-输入昵称
18-11-18 14:25-INFO-53476787-清空手机号码
18-11-18 14:25-INFO-53476787-输入手机号码:17337219879
18-11-18 14:25-INFO-53476787-输入密码:vv9vra1a
18-11-18 14:25-INFO-53476787-点击注册
18-11-18 14:26-INFO-53476787-同意协议
18-11-18 14:26-INFO-53476787-同意协议
18-11-18 14:27-INFO-53476787-账号注册失败
18-11-18 14:27-INFO-53476787-获取到手机号码:18939437809
18-11-18 14:27-INFO-Could not connect to port 4732 on host localhost
18-11-18 14:27-INFO-Could not get IP address for host: localhost
18-11-18 14:27-WARNING-Retrying (Retry(total=2, connect=None, read=None, redirect=None, status=None)) after connection broken by 'NewConnectionError('<urllib3.connection.HTTPConnection object at 0x0000000004D442E8>: Failed to establish a new connection: [Errno 10061] ',)': /wd/hub/session
18-11-18 14:27-WARNING-Retrying (Retry(total=1, connect=None, read=None, redirect=None, status=None)) after connection broken by 'NewConnectionError('<urllib3.connection.HTTPConnection object at 0x0000000004D443C8>: Failed to establish a new connection: [Errno 10061] ',)': /wd/hub/session
18-11-18 14:31-INFO--已经绑定该设备
18-11-18 14:31-INFO--可运行线程数:100
18-11-18 14:32-INFO--进入账号注册+发朋友圈模式
18-11-18 14:32-INFO-53476787-获取到手机号码:17337415785
18-11-18 14:32-INFO-Redirecting http://127.0.0.1:4732/wd/hub/session -> http://127.0.0.1:4732/wd/hub/session/5a367bf3-4319-443f-9070-7443a5fb44d9
18-11-18 14:33-INFO-53476787-IMEI:359274074559210
18-11-18 14:33-INFO-53476787-MAC:50:9e:a7:ca:9e:6
18-11-18 14:33-INFO-53476787-BRAND:samsung
18-11-18 14:33-INFO-53476787-点击注册
18-11-18 14:33-INFO-53476787-输入昵称
18-11-18 14:33-INFO-53476787-清空手机号码
18-11-18 14:33-INFO-53476787-输入手机号码:17337415785
18-11-18 14:33-INFO-53476787-输入密码:m4ft967a
18-11-18 14:33-INFO-53476787-点击注册
18-11-18 14:34-INFO-53476787-同意协议
18-11-18 14:34-INFO-53476787-同意协议
18-11-18 14:35-INFO--已经绑定该设备
18-11-18 14:35-INFO--可运行线程数:100
18-11-18 14:35-INFO--进入账号注册+发朋友圈模式
18-11-18 14:35-INFO-53476787-获取到手机号码:17329290337
18-11-18 14:35-INFO-Redirecting http://127.0.0.1:4732/wd/hub/session -> http://127.0.0.1:4732/wd/hub/session/7fb607a2-d9f0-4256-80b4-edb3e7d673d4
18-11-18 14:36-INFO-53476787-账号注册失败
18-11-18 14:36-INFO-53476787-获取到手机号码:17339565794
18-11-18 14:36-INFO-Redirecting http://127.0.0.1:4732/wd/hub/session -> http://127.0.0.1:4732/wd/hub/session/c91a5503-6127-4ce6-a6b8-34f121730c8e
18-11-18 14:37-INFO-53476787-IMEI:356517053188929
18-11-18 14:37-INFO-53476787-MAC:f0:72:8c:de:72:87
18-11-18 14:37-INFO-53476787-BRAND:samsung
18-11-18 14:37-INFO-53476787-点击注册
18-11-18 14:37-INFO-53476787-输入昵称
18-11-18 14:37-INFO-53476787-清空手机号码
18-11-18 14:38-INFO-53476787-输入手机号码:17339565794
18-11-18 14:38-INFO-53476787-输入密码:0c70591a
18-11-18 14:38-INFO-53476787-点击注册
18-11-18 14:38-INFO-53476787-同意协议
18-11-18 14:38-INFO-53476787-同意协议
18-11-18 14:39-INFO-53476787-进入滑图页面
18-11-18 14:39-INFO-53476787-跳转到二维码页面
18-11-18 14:39-INFO-53476787-未跳码成功,重新注册!
18-11-18 14:39-INFO-53476787-账号注册失败
18-11-18 14:43-INFO--已经绑定该设备
18-11-18 14:43-INFO--可运行线程数:100
18-11-18 14:44-INFO--进入账号注册+发朋友圈模式
18-11-18 14:44-INFO-53476787-获取不到手机号码
18-11-18 14:44-INFO-53476787-获取不到手机号码
18-11-18 14:44-INFO-53476787-获取不到手机号码
18-11-18 14:44-INFO-53476787-获取不到手机号码
18-11-18 20:06-INFO-945f3978-获取到手机号码:17303987896
18-11-18 20:24-INFO-945f3978-获取到手机号码:17716272143
18-11-20 21:26-INFO--已经绑定该设备
18-11-20 21:26-INFO--可运行线程数:100
18-11-20 21:26-INFO--进入账号注册+发朋友圈模式
18-11-20 21:26-INFO-53476787-获取到手机号码:17344624011
18-11-20 21:27-INFO-53476787-appium服务端未开启,请检查
18-11-20 21:27-INFO-53476787-账号注册失败
18-11-20 21:27-INFO-53476787-获取到手机号码:17339534275
18-11-20 21:27-INFO--已经绑定该设备
18-11-20 21:27-INFO--可运行线程数:100
18-11-20 21:27-INFO--进入账号注册+发朋友圈模式
18-11-20 21:28-INFO-53476787-获取到手机号码:17737840415
18-11-20 21:28-INFO-Redirecting http://127.0.0.1:4732/wd/hub/session -> http://127.0.0.1:4732/wd/hub/session/4e7bd90f-e235-4872-a60b-14fa9bde0b83
18-11-20 21:28-INFO-53476787-账号注册失败
18-11-20 21:29-INFO-53476787-获取到手机号码:17339691744
18-11-20 21:29-INFO-Redirecting http://127.0.0.1:4732/wd/hub/session -> http://127.0.0.1:4732/wd/hub/session/ec338295-332d-4696-be61-f5d4314a013f
18-11-20 21:29-INFO-53476787-账号注册失败
18-11-20 21:30-INFO-53476787-获取到手机号码:17303939485
18-11-20 21:30-INFO-Redirecting http://127.0.0.1:4732/wd/hub/session -> http://127.0.0.1:4732/wd/hub/session/adf57d0e-5e45-4d7e-b989-4a9f376cba61
18-11-20 21:31-INFO-53476787-账号注册失败
18-11-20 21:31-INFO-53476787-获取到手机号码:18153011170
18-11-20 21:33-INFO--已经绑定该设备
18-11-20 21:33-INFO--可运行线程数:100
18-11-20 21:33-INFO--进入账号注册+发朋友圈模式
18-11-20 21:33-INFO-53476787-获取到手机号码:17744674006
18-11-20 21:33-INFO-Redirecting http://127.0.0.1:4732/wd/hub/session -> http://127.0.0.1:4732/wd/hub/session/f2b6a2cb-51e1-49cc-88c4-c6458a8acec3
18-11-20 21:34-INFO-53476787-账号注册失败
18-11-20 21:34-INFO-53476787-获取到手机号码:15343841074
18-11-20 21:34-INFO-Redirecting http://127.0.0.1:4732/wd/hub/session -> http://127.0.0.1:4732/wd/hub/session/69b31e63-5260-4898-821e-4d72214da561
18-11-20 21:35-INFO--已经绑定该设备
18-11-20 21:35-INFO--可运行线程数:100
18-11-20 21:36-INFO--进入账号注册+发朋友圈模式
18-11-20 21:36-INFO-53476787-获取到手机号码:17339018664
18-11-20 21:36-INFO-Redirecting http://127.0.0.1:4732/wd/hub/session -> http://127.0.0.1:4732/wd/hub/session/761f19e2-da31-4744-9ea3-c6f5502dad87
18-11-20 21:37-INFO-53476787-IMEI:867905026796443
18-11-20 21:37-INFO-53476787-MAC:68:3e:34:ff:b9:af
18-11-20 21:37-INFO-53476787-BRAND:Meizu
18-11-20 21:37-INFO-53476787-点击注册
18-11-20 21:37-INFO-53476787-输入昵称
18-11-20 21:37-INFO-53476787-清空手机号码
18-11-20 21:37-INFO-53476787-输入手机号码:17339018664
18-11-20 21:37-INFO-53476787-输入密码:9agvxi8a
18-11-20 21:37-INFO-53476787-点击注册
18-11-20 21:38-INFO-53476787-找不到网页,网络不稳定,重新注册
18-11-20 21:38-INFO-53476787-账号注册失败
18-11-20 21:38-INFO-53476787-获取到手机号码:17303743396
18-11-20 21:39-INFO-Redirecting http://127.0.0.1:4732/wd/hub/session -> http://127.0.0.1:4732/wd/hub/session/44efab7a-a607-4418-bd1d-5f03c7b3147b
18-11-20 21:39-INFO-53476787-IMEI:868842023182765
18-11-20 21:39-INFO-53476787-MAC:58:44:98:32:a:b4
18-11-20 21:39-INFO-53476787-BRAND:Xiaomi
18-11-20 21:39-INFO-53476787-点击注册
18-11-20 21:39-INFO-53476787-输入昵称
18-11-20 21:39-INFO-53476787-清空手机号码
18-11-20 21:39-INFO-53476787-输入手机号码:17303743396
18-11-20 21:40-INFO-53476787-输入密码:2gn1h92a
18-11-20 21:40-INFO-53476787-点击注册
18-11-20 21:40-INFO-53476787-同意协议
18-11-20 21:40-INFO-53476787-同意协议
18-11-20 21:40-INFO-53476787-同意协议
18-11-20 21:41-INFO-53476787-进入滑图页面
18-11-20 21:43-INFO--已经绑定该设备
18-11-20 21:43-INFO--可运行线程数:100
18-11-20 21:43-INFO--进入账号注册+发朋友圈模式
18-11-20 21:43-INFO-53476787-获取到手机号码:17303997967
18-11-20 21:44-INFO-Redirecting http://127.0.0.1:4732/wd/hub/session -> http://127.0.0.1:4732/wd/hub/session/daf2d02e-9f90-4886-9139-8c110ee57719
18-11-20 21:44-INFO-53476787-IMEI:990006457651254
18-11-20 21:44-INFO-53476787-MAC:54:14:73:6f:54:b8
18-11-20 21:44-INFO-53476787-BRAND:Meizu
18-11-20 21:44-INFO-53476787-点击注册
18-11-20 21:44-INFO-53476787-输入昵称
18-11-20 21:44-INFO-53476787-清空手机号码
18-11-20 21:45-INFO-53476787-输入手机号码:17303997967
18-11-20 21:45-INFO-53476787-输入密码:ijjcfy9a
18-11-20 21:45-INFO-53476787-点击注册
18-11-20 21:46-INFO-53476787-找不到网页,网络不稳定,重新注册
18-11-20 21:46-INFO-53476787-账号注册失败
18-11-20 21:46-INFO-53476787-获取到手机号码:17339262974
18-11-20 21:47-INFO-Redirecting http://127.0.0.1:4732/wd/hub/session -> http://127.0.0.1:4732/wd/hub/session/89127573-4545-4241-bbb4-3d7a81f4dfec
18-11-20 21:48-INFO-53476787-账号注册失败
18-11-20 21:48-INFO-53476787-获取到手机号码:17344620570
18-11-20 21:49-INFO-53476787-appium服务端未开启,请检查
18-11-20 21:49-INFO-53476787-账号注册失败
18-11-20 21:51-INFO--已经绑定该设备
18-11-20 21:51-INFO--可运行线程数:100
18-11-20 21:51-INFO--进入账号注册+发朋友圈模式
18-11-20 21:51-INFO-53476787-获取到手机号码:17724948601
18-11-20 21:52-INFO-Redirecting http://127.0.0.1:4732/wd/hub/session -> http://127.0.0.1:4732/wd/hub/session/fbf5fb60-ad4a-4526-9dc1-271d9789c0fa
18-11-20 21:52-INFO-53476787-IMEI:867193027731293
18-11-20 21:52-INFO-53476787-MAC:e0:2c:b2:82:f2:8d
18-11-20 21:52-INFO-53476787-BRAND:Lenovo
18-11-20 21:52-INFO-53476787-点击注册
18-11-20 21:52-INFO-53476787-输入昵称
18-11-20 21:52-INFO-53476787-清空手机号码
18-11-20 21:53-INFO-53476787-输入手机号码:17724948601
18-11-20 21:53-INFO-53476787-输入密码:93m1z74a
18-11-20 21:53-INFO-53476787-点击注册
18-11-20 21:53-INFO-53476787-同意协议
18-11-20 21:53-INFO-53476787-同意协议
18-11-20 21:53-INFO-53476787-进入滑图页面
18-11-20 21:56-INFO-53476787-跳转到二维码页面
18-11-20 21:56-INFO-53476787-未跳码成功,重新注册!
18-11-20 21:56-INFO-53476787-账号注册失败
18-11-20 21:56-INFO-53476787-获取到手机号码:17339114519
18-11-20 21:56-INFO-Redirecting http://127.0.0.1:4732/wd/hub/session -> http://127.0.0.1:4732/wd/hub/session/d1c7a675-2143-4a8c-afab-068817cc650f
18-11-20 21:57-INFO-53476787-IMEI:356845052010400
18-11-20 21:57-INFO-53476787-MAC:cc:3a:61:72:c4:eb
18-11-20 21:57-INFO-53476787-BRAND:samsung
18-11-20 21:57-INFO-53476787-点击注册
18-11-20 21:57-INFO-53476787-输入昵称
18-11-20 21:57-INFO-53476787-清空手机号码
18-11-20 21:57-INFO-53476787-输入手机号码:17339114519
18-11-20 21:57-INFO-53476787-输入密码:tzoint9a
18-11-20 21:57-INFO-53476787-点击注册
18-11-20 21:58-INFO-53476787-同意协议
18-11-20 21:58-INFO-53476787-同意协议
18-11-20 21:58-INFO-53476787-进入滑图页面
18-11-20 21:59-INFO-53476787-跳转到二维码页面
18-11-20 21:59-INFO-53476787-未跳码成功,重新注册!
18-11-20 21:59-INFO-53476787-账号注册失败
18-11-20 21:59-INFO-53476787-获取到手机号码:17739404373
18-11-20 21:59-INFO-Redirecting http://127.0.0.1:4732/wd/hub/session -> http://127.0.0.1:4732/wd/hub/session/eefd8d94-98a3-4060-820d-23f692668c20
18-11-20 22:00-INFO-53476787-IMEI:868842025239662
18-11-20 22:00-INFO-53476787-MAC:58:44:98:3f:6c:ec
18-11-20 22:00-INFO-53476787-BRAND:Xiaomi
18-11-20 22:00-INFO-53476787-点击注册
18-11-20 22:00-INFO-53476787-输入昵称
18-11-20 22:00-INFO-53476787-清空手机号码
18-11-20 22:00-INFO-53476787-输入手机号码:17739404373
18-11-20 22:00-INFO-53476787-输入密码:55n92f5a
18-11-20 22:00-INFO-53476787-点击注册
18-11-20 22:01-INFO-53476787-同意协议
18-11-20 22:01-INFO-53476787-同意协议
18-11-20 22:01-INFO-53476787-进入滑图页面
18-11-20 22:02-INFO-53476787-跳转到二维码页面
18-11-20 22:02-INFO-53476787-未跳码成功,重新注册!
18-11-20 22:02-INFO-53476787-账号注册失败
18-11-20 22:02-INFO-53476787-获取到手机号码:18135604289
18-11-20 22:02-INFO-Redirecting http://127.0.0.1:4732/wd/hub/session -> http://127.0.0.1:4732/wd/hub/session/8624d093-2336-48e8-9523-b6f79bbd2ace
18-11-20 22:03-INFO-53476787-IMEI:356517052164186
18-11-20 22:03-INFO-53476787-MAC:f0:72:8c:88:a4:48
18-11-20 22:03-INFO-53476787-BRAND:samsung
18-11-20 22:03-INFO-53476787-点击注册
18-11-20 22:03-INFO-53476787-输入昵称
18-11-20 22:03-INFO-53476787-清空手机号码
18-11-20 22:03-INFO-53476787-输入手机号码:18135604289
18-11-20 22:03-INFO-53476787-输入密码:5rrrao9a
18-11-20 22:03-INFO-53476787-点击注册
18-11-20 22:04-INFO-53476787-同意协议
18-11-20 22:04-INFO-53476787-同意协议
18-11-20 22:04-INFO-53476787-进入滑图页面
18-11-20 22:05-INFO-53476787-跳转到二维码页面
18-11-20 22:05-INFO-53476787-未跳码成功,重新注册!
18-11-20 22:05-INFO-53476787-账号注册失败
18-11-20 22:05-INFO-53476787-获取到手机号码:17337815481
18-11-20 22:05-INFO-Redirecting http://127.0.0.1:4732/wd/hub/session -> http://127.0.0.1:4732/wd/hub/session/dbab22ec-4bea-40f6-8328-b3c6aa079845
18-11-20 22:06-INFO-53476787-IMEI:357002061740986
18-11-20 22:06-INFO-53476787-MAC:ac:9e:17:d7:e7:fe
18-11-20 22:06-INFO-53476787-BRAND:asus
18-11-20 22:22-INFO--已经绑定该设备
18-11-20 22:22-INFO--可运行线程数:100
18-11-20 22:22-INFO--进入账号注册+发朋友圈模式
18-11-20 22:22-INFO-53476787-获取到手机号码:17344771382
18-11-20 22:23-INFO-Redirecting http://127.0.0.1:4732/wd/hub/session -> http://127.0.0.1:4732/wd/hub/session/7cec35fe-76e8-4890-becf-9027a6c78f4a
18-11-20 22:23-INFO-53476787-IMEI:869464024533075
18-11-20 22:23-INFO-53476787-MAC:18:68:6a:28:7f:b4
18-11-20 22:23-INFO-53476787-BRAND:nubia
18-11-20 22:23-INFO-53476787-点击注册
18-11-20 22:23-INFO-53476787-输入昵称
18-11-20 22:23-INFO-53476787-清空手机号码
18-11-20 22:23-INFO-53476787-输入手机号码:17344771382
18-11-20 22:24-INFO-53476787-输入密码:7ytjs59a
18-11-20 22:24-INFO-53476787-点击注册
18-11-20 22:24-INFO-53476787-同意协议
18-11-20 22:24-INFO-53476787-同意协议
18-11-20 22:24-INFO-53476787-进入滑图页面
18-11-20 22:25-INFO-53476787-跳转到二维码页面
18-11-20 22:25-INFO-53476787-未跳码成功,重新注册!
18-11-20 22:25-INFO-53476787-账号注册失败
18-11-20 22:26-INFO-53476787-获取不到手机号码
18-11-20 22:26-INFO-53476787-获取到手机号码:17395939622
18-11-20 22:26-INFO-Redirecting http://127.0.0.1:4732/wd/hub/session -> http://127.0.0.1:4732/wd/hub/session/ec435c19-344e-4894-a607-7f07cfb5cbeb
18-11-20 22:27-INFO-53476787-IMEI:354778062684520
18-11-20 22:27-INFO-53476787-MAC:90:b6:86:63:8f:52
18-11-20 22:27-INFO-53476787-BRAND:samsung
18-11-20 22:27-INFO-53476787-点击注册
18-11-20 22:27-INFO-53476787-输入昵称
18-11-20 22:27-INFO-53476787-清空手机号码
18-11-20 22:27-INFO-53476787-输入手机号码:17395939622
18-11-20 22:27-INFO-53476787-输入密码:297xhd5a
18-11-20 22:27-INFO-53476787-点击注册
18-11-20 22:28-INFO-53476787-同意协议
18-11-20 22:28-INFO-53476787-同意协议
18-11-20 22:28-INFO-53476787-进入滑图页面
18-11-20 22:29-INFO-53476787-跳转到二维码页面
18-11-20 22:29-INFO-53476787-未跳码成功,重新注册!
18-11-20 22:29-INFO-53476787-账号注册失败
18-11-20 22:29-INFO-53476787-获取到手机号码:17395909658
18-11-20 22:29-INFO-Redirecting http://127.0.0.1:4732/wd/hub/session -> http://127.0.0.1:4732/wd/hub/session/f6e0508b-db26-4a55-8786-0f6df81b053a
18-11-20 22:29-INFO-53476787-IMEI:351702072281567
18-11-20 22:29-INFO-53476787-MAC:20:55:31:5e:49:42
18-11-20 22:29-INFO-53476787-BRAND:samsung
18-11-20 22:30-INFO-53476787-点击注册
18-11-20 22:30-INFO-53476787-输入昵称
18-11-20 22:30-INFO-53476787-清空手机号码
18-11-20 22:30-INFO-53476787-输入手机号码:17395909658
18-11-20 22:30-INFO-53476787-输入密码:e99np32a
18-11-20 22:30-INFO-53476787-点击注册
18-11-20 22:30-INFO-53476787-同意协议
18-11-20 22:31-INFO-53476787-同意协议
18-11-20 22:31-INFO-53476787-进入滑图页面
18-11-20 22:32-INFO-53476787-跳转到二维码页面
18-11-20 22:32-INFO-53476787-未跳码成功,重新注册!
18-11-20 22:32-INFO-53476787-账号注册失败
18-11-20 22:32-INFO-53476787-获取到手机号码:17344774273
18-11-20 22:32-INFO-Redirecting http://127.0.0.1:4732/wd/hub/session -> http://127.0.0.1:4732/wd/hub/session/f25baa76-e144-4d1f-9601-466daa62e880
18-11-20 22:32-INFO-53476787-IMEI:356517058811343
18-11-20 22:32-INFO-53476787-MAC:f0:72:8c:b1:36:7
18-11-20 22:32-INFO-53476787-BRAND:samsung
18-11-20 22:32-INFO-53476787-点击注册
18-11-20 22:33-INFO-53476787-输入昵称
18-11-20 22:33-INFO-53476787-清空手机号码
18-11-20 22:33-INFO-53476787-输入手机号码:17344774273
18-11-20 22:33-INFO-53476787-输入密码:9fah8m3a
18-11-20 22:33-INFO-53476787-点击注册
18-11-20 22:33-INFO-53476787-同意协议
18-11-20 22:34-INFO-53476787-同意协议
18-11-20 22:34-INFO-53476787-进入滑图页面
18-11-20 22:34-INFO-53476787-跳转到二维码页面
18-11-20 22:34-INFO-53476787-未跳码成功,重新注册!
18-11-20 22:34-INFO-53476787-账号注册失败
18-11-20 22:34-INFO-53476787-获取到手机号码:17395840627
18-11-20 22:35-INFO-Redirecting http://127.0.0.1:4732/wd/hub/session -> http://127.0.0.1:4732/wd/hub/session/5da46a8a-b8fe-46db-a8e3-3b5586ef4277
18-11-20 22:35-INFO-53476787-IMEI:359538055709220
18-11-20 22:35-INFO-53476787-MAC:24:db:ed:28:f:7a
18-11-20 22:35-INFO-53476787-BRAND:samsung
18-11-20 22:35-INFO-53476787-点击注册
18-11-20 22:35-INFO-53476787-输入昵称
18-11-20 22:35-INFO-53476787-清空手机号码
18-11-20 22:35-INFO-53476787-输入手机号码:17395840627
18-11-20 22:36-INFO-53476787-输入密码:j1jbvn9a
18-11-20 22:36-INFO-53476787-点击注册
18-11-20 22:36-INFO-53476787-同意协议
18-11-20 22:36-INFO-53476787-同意协议
18-11-20 22:36-INFO-53476787-进入滑图页面
18-11-20 22:37-INFO-53476787-跳转到二维码页面
18-11-20 22:37-INFO-53476787-未跳码成功,重新注册!
18-11-20 22:37-INFO-53476787-账号注册失败
18-11-20 22:37-INFO-53476787-获取到手机号码:17352584916
18-11-20 22:38-INFO-Redirecting http://127.0.0.1:4732/wd/hub/session -> http://127.0.0.1:4732/wd/hub/session/a76daf03-0459-4611-b924-7267f66672d5
18-11-20 22:38-INFO-53476787-IMEI:356517052969865
18-11-20 22:38-INFO-53476787-MAC:f0:72:8c:97:51:8a
18-11-20 22:38-INFO-53476787-BRAND:samsung
18-11-20 22:38-INFO-53476787-点击注册
18-11-20 22:38-INFO-53476787-输入昵称
18-11-20 22:38-INFO-53476787-清空手机号码
18-11-20 22:39-INFO-53476787-输入手机号码:17352584916
18-11-20 22:39-INFO-53476787-输入密码:x61t9s6a
18-11-20 22:39-INFO-53476787-点击注册
18-11-20 22:39-INFO-53476787-同意协议
18-11-20 22:39-INFO-53476787-同意协议
18-11-20 22:40-INFO-53476787-进入滑图页面
18-11-20 22:40-INFO-53476787-跳转到二维码页面
18-11-20 22:40-INFO-53476787-未跳码成功,重新注册!
18-11-20 22:40-INFO-53476787-账号注册失败
18-11-20 22:40-INFO-53476787-获取到手机号码:17303727414
18-11-20 22:40-INFO-Redirecting http://127.0.0.1:4732/wd/hub/session -> http://127.0.0.1:4732/wd/hub/session/739c7c5c-82bf-43db-936e-3dac95a03f63
18-11-20 22:41-INFO-53476787-IMEI:861262037026766
18-11-20 22:41-INFO-53476787-MAC:1c:77:f6:69:9d:9e
18-11-20 22:41-INFO-53476787-BRAND:OPPO
18-11-20 22:41-INFO-53476787-点击注册
18-11-20 22:41-INFO-53476787-输入昵称
18-11-20 22:41-INFO-53476787-清空手机号码
18-11-20 22:41-INFO-53476787-输入手机号码:17303727414
18-11-20 22:41-INFO-53476787-输入密码:u29q6y6a
18-11-20 22:41-INFO-53476787-点击注册
18-11-20 22:42-INFO-53476787-同意协议
18-11-20 22:42-INFO-53476787-同意协议
18-11-20 22:42-INFO-53476787-进入滑图页面
18-11-20 22:43-INFO-53476787-跳转到二维码页面
18-11-20 22:43-INFO-53476787-未跳码成功,重新注册!
18-11-20 22:43-INFO-53476787-账号注册失败
18-11-20 22:43-INFO-53476787-获取到手机号码:18103804237
18-11-20 22:43-INFO-Redirecting http://127.0.0.1:4732/wd/hub/session -> http://127.0.0.1:4732/wd/hub/session/8a47cdb5-d60f-44b4-8595-6b1497a2738f
18-11-20 22:44-INFO-53476787-IMEI:863170024680636
18-11-20 22:44-INFO-53476787-MAC:18:dc:56:27:7b:86
18-11-20 22:44-INFO-53476787-BRAND:Coolpad
18-11-20 22:44-INFO-53476787-点击注册
18-11-20 22:44-INFO-53476787-输入昵称
18-11-20 22:44-INFO-53476787-清空手机号码
18-11-20 22:44-INFO-53476787-输入手机号码:18103804237
18-11-20 22:44-INFO-53476787-输入密码:00pnjb9a
18-11-20 22:44-INFO-53476787-点击注册
18-11-20 22:45-INFO-53476787-同意协议
18-11-20 22:45-INFO-53476787-同意协议
18-11-20 22:45-INFO-53476787-进入滑图页面
18-11-20 22:45-INFO-53476787-跳转到二维码页面
18-11-20 22:45-INFO-53476787-未跳码成功,重新注册!
18-11-20 22:45-INFO-53476787-账号注册失败
18-11-20 22:45-INFO-53476787-获取到手机号码:17303989411
18-11-20 22:46-INFO-Redirecting http://127.0.0.1:4732/wd/hub/session -> http://127.0.0.1:4732/wd/hub/session/d507ccaf-8254-4bd3-93f7-634d4d95b1b6
18-11-20 22:46-INFO-53476787-IMEI:866058028936921
18-11-20 22:46-INFO-53476787-MAC:60:d9:a0:4d:f2:d8
18-11-20 22:46-INFO-53476787-BRAND:Lenovo
18-11-20 22:46-INFO-53476787-点击注册
18-11-20 22:46-INFO-53476787-输入昵称
18-11-20 22:46-INFO-53476787-清空手机号码
18-11-20 22:47-INFO-53476787-输入手机号码:17303989411
18-11-20 22:47-INFO-53476787-输入密码:goenb79a
18-11-20 22:47-INFO-53476787-点击注册
18-11-20 22:47-INFO-53476787-同意协议
18-11-20 22:47-INFO-53476787-同意协议
18-11-20 22:47-INFO-53476787-进入滑图页面
18-11-20 22:48-INFO-53476787-跳转到二维码页面
18-11-20 22:48-INFO-53476787-未跳码成功,重新注册!
18-11-20 22:48-INFO-53476787-账号注册失败
18-11-20 22:48-INFO-53476787-获取到手机号码:17303897893
18-11-20 22:48-INFO-Redirecting http://127.0.0.1:4732/wd/hub/session -> http://127.0.0.1:4732/wd/hub/session/dc3ad2e5-6381-4f02-9048-ea18addbac67
18-11-20 22:49-INFO-53476787-IMEI:868044023466450
18-11-20 22:49-INFO-53476787-MAC:80:61:8f:88:f4:d6
18-11-20 22:49-INFO-53476787-BRAND:Philips
18-11-20 22:49-INFO-53476787-点击注册
18-11-20 22:49-INFO-53476787-输入昵称
18-11-20 22:49-INFO-53476787-清空手机号码
18-11-20 22:49-INFO-53476787-输入手机号码:17303897893
18-11-20 22:49-INFO-53476787-输入密码:zwotbo9a
18-11-20 22:49-INFO-53476787-点击注册
18-11-20 22:50-INFO-53476787-同意协议
18-11-20 22:50-INFO-53476787-同意协议
18-11-20 22:50-INFO-53476787-进入滑图页面
18-11-20 22:51-INFO-53476787-跳转到二维码页面
18-11-20 22:51-INFO-53476787-未跳码成功,重新注册!
18-11-20 22:51-INFO-53476787-账号注册失败
18-11-20 22:51-INFO-53476787-获取到手机号码:17303803401
18-11-20 22:51-INFO-Redirecting http://127.0.0.1:4732/wd/hub/session -> http://127.0.0.1:4732/wd/hub/session/c7f9eaa4-5ddc-45b5-aa12-b0ff6fd98017
18-11-20 22:51-INFO-53476787-IMEI:352105067866484
18-11-20 22:51-INFO-53476787-MAC:f4:09:d8:35:a:a2
18-11-20 22:51-INFO-53476787-BRAND:samsung
18-11-20 22:52-INFO-53476787-点击注册
18-11-20 22:52-INFO-53476787-输入昵称
18-11-20 22:52-INFO-53476787-清空手机号码
18-11-20 22:52-INFO-53476787-输入手机号码:17303803401
18-11-20 22:52-INFO-53476787-输入密码:w94c7a0a
18-11-20 22:52-INFO-53476787-点击注册
18-11-20 22:52-INFO-53476787-同意协议
18-11-20 22:53-INFO-53476787-同意协议
18-11-20 22:53-INFO-53476787-进入滑图页面
18-11-20 22:54-INFO-53476787-跳转到二维码页面
18-11-20 22:54-INFO-53476787-未跳码成功,重新注册!
18-11-20 22:54-INFO-53476787-账号注册失败
18-11-20 22:54-INFO-53476787-获取到手机号码:17716216273
18-11-20 22:54-INFO-Redirecting http://127.0.0.1:4732/wd/hub/session -> http://127.0.0.1:4732/wd/hub/session/cb2f0fc3-16a7-4a61-901f-4603d7b8243f
18-11-20 22:54-INFO-53476787-IMEI:357002068810899
18-11-20 22:54-INFO-53476787-MAC:ac:9e:17:df:7b:81
18-11-20 22:54-INFO-53476787-BRAND:asus
18-11-20 22:56-INFO-53476787-账号注册失败
18-11-20 22:56-INFO-53476787-获取到手机号码:18153025571
18-11-20 22:56-INFO-Redirecting http://127.0.0.1:4732/wd/hub/session -> http://127.0.0.1:4732/wd/hub/session/ebd34bfa-ed00-4708-a168-221d908438d1
18-11-20 22:56-INFO-53476787-IMEI:868842025559572
18-11-20 22:56-INFO-53476787-MAC:58:44:98:71:94:41
18-11-20 22:56-INFO-53476787-BRAND:Xiaomi
18-11-20 22:56-INFO-53476787-点击注册
18-11-20 22:57-INFO-53476787-输入昵称
18-11-20 22:57-INFO-53476787-清空手机号码
18-11-20 22:57-INFO-53476787-输入手机号码:18153025571
18-11-20 22:57-INFO-53476787-输入密码:sfwf957a
18-11-20 22:57-INFO-53476787-点击注册
18-11-20 22:57-INFO-53476787-同意协议
18-11-20 22:57-INFO-53476787-同意协议
18-11-20 22:58-INFO-53476787-进入滑图页面
18-11-20 22:58-INFO-53476787-跳转到二维码页面
18-11-20 22:58-INFO-53476787-未跳码成功,重新注册!
18-11-20 22:58-INFO-53476787-账号注册失败
18-11-20 22:58-INFO-53476787-获取到手机号码:17344678813
18-11-20 22:58-INFO-Redirecting http://127.0.0.1:4732/wd/hub/session -> http://127.0.0.1:4732/wd/hub/session/eb93f25a-ce40-4a65-af48-4f70caa1b370
18-11-20 22:59-INFO-53476787-IMEI:356517053840982
18-11-20 22:59-INFO-53476787-MAC:f0:72:8c:fa:f4:61
18-11-20 22:59-INFO-53476787-BRAND:samsung
18-11-20 22:59-INFO-53476787-点击注册
18-11-20 22:59-INFO-53476787-输入昵称
18-11-20 22:59-INFO-53476787-清空手机号码
18-11-20 22:59-INFO-53476787-输入手机号码:17344678813
18-11-20 23:00-INFO-53476787-输入密码:hb9xm71a
18-11-20 23:00-INFO-53476787-点击注册
18-11-20 23:00-INFO-53476787-同意协议
18-11-20 23:00-INFO-53476787-同意协议
18-11-20 23:00-INFO-53476787-进入滑图页面
18-11-20 23:01-INFO-53476787-跳转到二维码页面
18-11-20 23:01-INFO-53476787-未跳码成功,重新注册!
18-11-20 23:01-INFO-53476787-账号注册失败
18-11-20 23:01-INFO-53476787-获取到手机号码:17734746945
18-11-20 23:01-INFO-Redirecting http://127.0.0.1:4732/wd/hub/session -> http://127.0.0.1:4732/wd/hub/session/946ca4d9-272f-4b3b-804f-bc0ac8b86445
18-11-20 23:02-INFO-53476787-IMEI:356845051270419
18-11-20 23:02-INFO-53476787-MAC:cc:3a:61:19:35:4e
18-11-20 23:02-INFO-53476787-BRAND:samsung
18-11-20 23:02-INFO-53476787-点击注册
18-11-20 23:02-INFO-53476787-输入昵称
18-11-20 23:02-INFO-53476787-清空手机号码
18-11-20 23:02-INFO-53476787-输入手机号码:17734746945
18-11-20 23:02-INFO-53476787-输入密码:54a9vb8a
18-11-20 23:02-INFO-53476787-点击注册
18-11-20 23:03-INFO-53476787-同意协议
18-11-20 23:03-INFO-53476787-同意协议
18-11-20 23:03-INFO-53476787-进入滑图页面
18-11-20 23:04-INFO-53476787-跳转到二维码页面
18-11-20 23:04-INFO-53476787-未跳码成功,重新注册!
18-11-20 23:04-INFO-53476787-账号注册失败
18-11-20 23:04-INFO-53476787-获取到手机号码:17303998804
18-11-20 23:04-INFO-Redirecting http://127.0.0.1:4732/wd/hub/session -> http://127.0.0.1:4732/wd/hub/session/98562405-f659-4741-8630-077042c03bf9
18-11-20 23:05-INFO-53476787-IMEI:351554056789358
18-11-20 23:05-INFO-53476787-MAC:a0:0b:ba:f2:dc:ff
18-11-20 23:05-INFO-53476787-BRAND:google
18-11-20 23:05-INFO-53476787-点击注册
18-11-20 23:05-INFO-53476787-输入昵称
18-11-20 23:05-INFO-53476787-清空手机号码
18-11-20 23:05-INFO-53476787-输入手机号码:17303998804
18-11-20 23:05-INFO-53476787-输入密码:fhx9nt8a
18-11-20 23:05-INFO-53476787-点击注册
18-11-20 23:06-INFO-53476787-同意协议
18-11-20 23:06-INFO-53476787-同意协议
18-11-20 23:06-INFO-53476787-进入滑图页面
18-11-20 23:06-INFO-53476787-跳转到二维码页面
18-11-20 23:06-INFO-53476787-未跳码成功,重新注册!
18-11-20 23:06-INFO-53476787-账号注册失败
18-11-20 23:07-INFO-53476787-获取到手机号码:17339015768
18-11-20 23:07-INFO-Redirecting http://127.0.0.1:4732/wd/hub/session -> http://127.0.0.1:4732/wd/hub/session/37f11d71-3922-4c04-b6b1-ee6e6c54da43
18-11-20 23:07-INFO-53476787-IMEI:357002068376578
18-11-20 23:07-INFO-53476787-MAC:ac:9e:17:42:27:2e
18-11-20 23:07-INFO-53476787-BRAND:asus
18-11-20 23:08-INFO-53476787-账号注册失败
18-11-20 23:08-INFO-53476787-获取到手机号码:17339256797
18-11-20 23:09-INFO-Redirecting http://127.0.0.1:4732/wd/hub/session -> http://127.0.0.1:4732/wd/hub/session/d6919739-5abb-4583-b0c6-23a8179e084a
18-11-20 23:09-INFO-53476787-IMEI:357002064761336
18-11-20 23:09-INFO-53476787-MAC:ac:9e:17:63:88:54
18-11-20 23:09-INFO-53476787-BRAND:asus
18-11-20 23:10-INFO-53476787-账号注册失败
18-11-20 23:10-INFO-53476787-获取到手机号码:17303800500
18-11-20 23:10-INFO-Redirecting http://127.0.0.1:4732/wd/hub/session -> http://127.0.0.1:4732/wd/hub/session/2c9f6eac-ce94-4453-bac9-e2495bc45647
18-11-20 23:11-INFO-53476787-IMEI:356517057338751
18-11-20 23:11-INFO-53476787-MAC:f0:72:8c:f6:4f:32
18-11-20 23:11-INFO-53476787-BRAND:samsung
18-11-20 23:11-INFO-53476787-点击注册
18-11-20 23:11-INFO-53476787-输入昵称
18-11-20 23:11-INFO-53476787-清空手机号码
18-11-20 23:11-INFO-53476787-输入手机号码:17303800500
18-11-20 23:11-INFO-53476787-输入密码:xj52u90a
18-11-20 23:11-INFO-53476787-点击注册
18-11-20 23:12-INFO-53476787-同意协议
18-11-20 23:12-INFO-53476787-同意协议
18-11-20 23:12-INFO-53476787-进入滑图页面
18-11-20 23:13-INFO-53476787-跳转到二维码页面
18-11-20 23:13-INFO-53476787-未跳码成功,重新注册!
18-11-20 23:13-INFO-53476787-账号注册失败
18-11-20 23:13-INFO-53476787-获取不到手机号码
18-11-20 23:13-INFO-53476787-获取不到手机号码
18-11-20 23:14-INFO-53476787-获取不到手机号码
18-11-20 23:14-INFO-53476787-获取不到手机号码
18-11-20 23:14-INFO-53476787-获取不到手机号码
18-11-20 23:14-INFO-53476787-获取不到手机号码
18-11-20 23:15-INFO-53476787-获取不到手机号码
18-11-20 23:15-INFO-53476787-获取不到手机号码
18-11-20 23:15-INFO-53476787-获取不到手机号码
18-11-20 23:15-INFO-53476787-获取不到手机号码
18-11-20 23:15-INFO-53476787-获取不到手机号码
18-11-20 23:16-INFO-53476787-获取不到手机号码
18-11-20 23:16-INFO-53476787-获取不到手机号码
18-11-20 23:16-INFO-53476787-获取不到手机号码
18-11-20 23:16-INFO-53476787-获取不到手机号码
18-11-20 23:16-INFO-53476787-获取不到手机号码
18-11-20 23:16-INFO-53476787-获取不到手机号码
18-11-25 20:55-INFO-检测到1个设备
